{
  "stats": {
    "suites": 1,
    "tests": 1,
    "passes": 1,
    "pending": 0,
    "failures": 0,
    "start": "2018-04-27T18:49:41.186Z",
    "end": "2018-04-27T18:49:41.243Z",
    "duration": 57,
    "testsRegistered": 1,
    "passPercent": 100,
    "pendingPercent": 0,
    "other": 0,
    "hasOther": false,
    "skipped": 0,
    "hasSkipped": false,
    "passPercentClass": "success",
    "pendingPercentClass": "danger"
  },
  "suites": {
    "uuid": "a81efabc-56c2-4163-bd8a-b1b460f2c6e9",
    "title": "",
    "fullFile": "",
    "file": "",
    "beforeHooks": [],
    "afterHooks": [],
    "tests": [],
    "suites": [
      {
        "uuid": "6f43d2b5-536a-406f-adfd-724da9fe9d11",
        "title": "GET /",
        "fullFile": "/Users/gesianereis/helloworld/test/test.js",
        "file": "/test/test.js",
        "beforeHooks": [],
        "afterHooks": [],
        "tests": [
          {
            "title": "displays \"Hello World!\"",
            "fullTitle": "GET / displays \"Hello World!\"",
            "timedOut": false,
            "duration": 32,
            "state": "passed",
            "speed": "fast",
            "pass": true,
            "fail": false,
            "pending": false,
            "code": "// The line below is the core test of our app.\nrequest(app).get('/')\n .expect('Hello World!')\n .then(() => done())\n .catch(err => done(err));",
            "err": {},
            "isRoot": false,
            "uuid": "388f174c-a690-4f9f-9911-4d939d80f1bb",
            "isHook": false,
            "skipped": false
          }
        ],
        "suites": [],
        "passes": [
          "388f174c-a690-4f9f-9911-4d939d80f1bb"
        ],
        "failures": [],
        "pending": [],
        "skipped": [],
        "duration": 32,
        "root": false,
        "rootEmpty": false,
        "_timeout": 2000
      }
    ],
    "passes": [],
    "failures": [],
    "pending": [],
    "skipped": [],
    "duration": 0,
    "root": true,
    "rootEmpty": true,
    "_timeout": 2000
  },
  "copyrightYear": 2018
}